<?xml version="1.0" encoding="UTF-8"?>
<testsuite name="com.pdv.SmokeTest" tests="1" skipped="0" failures="0" errors="0" timestamp="2026-03-10T11:54:38" hostname="NTB20714" time="0.209">
  <properties/>
  <testcase name="testSaveSale" classname="com.pdv.SmokeTest" time="0.209"/>
  <system-out><![CDATA[=== Inicializando banco de dados ===
]]>&#x1f4c1;<![CDATA[ Diretório de trabalho: /home/lucas_marruda/Documentos/pessoal/gitPessoal/PDV/desktop/pdv-compose
✓ Conexão estabelecida: jdbc:sqlite:pdv_data.db
✓ Tabelas criadas com sucesso
✓ Banco de dados pronto para uso
✓ INSERT venda executado, rows affected: 1
✓ Venda criada com ID: 2
  ✓ Item salvo: Arroz Tipo 1 5kg x1
✓ Venda salva com sucesso (ID: 2, Total: R$ 25,90)
SmokeTest: saleId = 2
✓ Conexão com banco de dados fechada
]]></system-out>
  <system-err><![CDATA[]]></system-err>
</testsuite>
